<?xml version="1.0" encoding="UTF-8"?>
<!-- Generated by org.testng.reporters.JUnitXMLReporter -->
<testsuite ignored="0" hostname="IN-PF2RVK7E" failures="0" tests="7" name="ANNOTATIONSDEMO" time="0.098" errors="0" timestamp="2024-06-11T21:34:45 IST">
  <testcase classname="FirstTestNGTestCase" name="loginTest" time="0.016"/>
  <testcase classname="FirstTestNGTestCase" name="setup" time="0.002"/>
  <testcase classname="FirstTestNGTestCase" name="teardown" time="0.005"/>
  <testcase classname="SecTestNGTestCase" name="setup" time="0.002"/>
  <testcase classname="SecTestNGTestCase" name="AddCustomer" time="0.002"/>
  <testcase classname="SecTestNGTestCase" name="SearchCustomer" time="0.002"/>
  <testcase classname="SecTestNGTestCase" name="teardown" time="0.002"/>
</testsuite> <!-- ANNOTATIONSDEMO -->
